<?xml version="1.0" encoding="UTF-8"?>
<!-- Generated by org.testng.reporters.JUnitReportReporter -->
<testsuite hostname="LTIN204747" failures="0" tests="1" name="testCases.TS03_GoogleSignIn" time="251.949" errors="0" timestamp="2024-02-28T16:26:13 IST" skipped="0">
  <testcase classname="testCases.TS03_GoogleSignIn" name="testGoogleSignIn" time="251.949"/>
  <system-out/>
</testsuite> <!-- testCases.TS03_GoogleSignIn -->
