<?xml version="1.0" encoding="UTF-8"?>
<!-- Generated by org.testng.reporters.JUnitReportReporter -->
<testsuite hostname="LTIN204747" failures="0" tests="1" name="testCases.TS01_UpcomingBikes" time="14.110" errors="0" timestamp="2024-02-28T11:14:41 IST" skipped="0">
  <testcase classname="testCases.TS01_UpcomingBikes" name="upComingBikes" time="14.110"/>
  <system-out/>
</testsuite> <!-- testCases.TS01_UpcomingBikes -->
