<?xml version="1.0" encoding="UTF-8"?>
<!-- Generated by org.testng.reporters.JUnitReportReporter -->
<testsuite hostname="LTIN204747" failures="0" tests="1" name="testCases.TS02_UsedCars" time="50.912" errors="0" timestamp="2024-02-28T16:13:04 IST" skipped="0">
  <testcase classname="testCases.TS02_UsedCars" name="usedCars" time="50.912"/>
  <system-out/>
</testsuite> <!-- testCases.TS02_UsedCars -->
