<?xml version="1.0" encoding="UTF-8"?>
<!-- Generated by org.testng.reporters.JUnitReportReporter -->
<testsuite hostname="LTIN204747" failures="0" tests="1" name="testCases.TS02_UsedCars" time="30.102" errors="0" timestamp="2024-03-04T16:17:33 IST" skipped="0">
  <testcase classname="testCases.TS02_UsedCars" name="usedCars" time="30.102"/>
  <system-out/>
</testsuite> <!-- testCases.TS02_UsedCars -->
