<?xml version="1.0" encoding="UTF-8"?>
<!-- Generated by org.testng.reporters.JUnitReportReporter -->
<testsuite hostname="LTIN204747" failures="0" tests="1" name="testCases.TS01_UpcomingBikes" time="15.983" errors="0" timestamp="2024-03-04T16:17:33 IST" skipped="0">
  <testcase classname="testCases.TS01_UpcomingBikes" name="upComingBikes" time="15.983"/>
  <system-out/>
</testsuite> <!-- testCases.TS01_UpcomingBikes -->
